<?xml version="1.0" encoding="UTF-8"?>
<testsuite name="com.koss.photocarpet.PhotocarpetApplicationTests" tests="1" skipped="0" failures="0" errors="0" timestamp="2023-02-24T12:20:34" hostname="idong-gug-ui-MacBookAir.local" time="0.063">
  <properties/>
  <testcase name="contextLoads()" classname="com.koss.photocarpet.PhotocarpetApplicationTests" time="0.063"/>
  <system-out><![CDATA[21:20:22.335 [Test worker] DEBUG org.springframework.test.context.BootstrapUtils - Instantiating CacheAwareContextLoaderDelegate from class [org.springframework.test.context.cache.DefaultCacheAwareContextLoaderDelegate]
21:20:22.339 [Test worker] DEBUG org.springframework.test.context.BootstrapUtils - Instantiating BootstrapContext using constructor [public org.springframework.test.context.support.DefaultBootstrapContext(java.lang.Class,org.springframework.test.context.CacheAwareContextLoaderDelegate)]
21:20:22.353 [Test worker] DEBUG org.springframework.test.context.BootstrapUtils - Instantiating TestContextBootstrapper for test class [com.koss.photocarpet.PhotocarpetApplicationTests] from class [org.springframework.boot.test.context.SpringBootTestContextBootstrapper]
21:20:22.357 [Test worker] INFO org.springframework.boot.test.context.SpringBootTestContextBootstrapper - Neither @ContextConfiguration nor @ContextHierarchy found for test class [com.koss.photocarpet.PhotocarpetApplicationTests], using SpringBootContextLoader
21:20:22.358 [Test worker] DEBUG org.springframework.test.context.support.AbstractContextLoader - Did not detect default resource location for test class [com.koss.photocarpet.PhotocarpetApplicationTests]: class path resource [com/koss/photocarpet/PhotocarpetApplicationTests-context.xml] does not exist
21:20:22.358 [Test worker] DEBUG org.springframework.test.context.support.AbstractContextLoader - Did not detect default resource location for test class [com.koss.photocarpet.PhotocarpetApplicationTests]: class path resource [com/koss/photocarpet/PhotocarpetApplicationTestsContext.groovy] does not exist
21:20:22.358 [Test worker] INFO org.springframework.test.context.support.AbstractContextLoader - Could not detect default resource locations for test class [com.koss.photocarpet.PhotocarpetApplicationTests]: no resource found for suffixes {-context.xml, Context.groovy}.
21:20:22.358 [Test worker] INFO org.springframework.test.context.support.AnnotationConfigContextLoaderUtils - Could not detect default configuration classes for test class [com.koss.photocarpet.PhotocarpetApplicationTests]: PhotocarpetApplicationTests does not declare any static, non-private, non-final, nested classes annotated with @Configuration.
21:20:22.375 [Test worker] DEBUG org.springframework.test.context.support.ActiveProfilesUtils - Could not find an 'annotation declaring class' for annotation type [org.springframework.test.context.ActiveProfiles] and class [com.koss.photocarpet.PhotocarpetApplicationTests]
21:20:22.397 [Test worker] DEBUG org.springframework.context.annotation.ClassPathScanningCandidateComponentProvider - Identified candidate component class: file [/Users/dongguk/coding/photocarpet/build/classes/java/main/com/koss/photocarpet/PhotocarpetApplication.class]
21:20:22.397 [Test worker] INFO org.springframework.boot.test.context.SpringBootTestContextBootstrapper - Found @SpringBootConfiguration com.koss.photocarpet.PhotocarpetApplication for test class com.koss.photocarpet.PhotocarpetApplicationTests
21:20:22.436 [Test worker] DEBUG org.springframework.boot.test.context.SpringBootTestContextBootstrapper - @TestExecutionListeners is not present for class [com.koss.photocarpet.PhotocarpetApplicationTests]: using defaults.
21:20:22.436 [Test worker] INFO org.springframework.boot.test.context.SpringBootTestContextBootstrapper - Loaded default TestExecutionListener class names from location [META-INF/spring.factories]: [org.springframework.security.test.context.support.WithSecurityContextTestExecutionListener, org.springframework.security.test.context.support.ReactorContextTestExecutionListener, org.springframework.boot.test.autoconfigure.restdocs.RestDocsTestExecutionListener, org.springframework.boot.test.autoconfigure.web.client.MockRestServiceServerResetTestExecutionListener, org.springframework.boot.test.autoconfigure.web.servlet.MockMvcPrintOnlyOnFailureTestExecutionListener, org.springframework.boot.test.autoconfigure.web.servlet.WebDriverTestExecutionListener, org.springframework.boot.test.autoconfigure.webservices.client.MockWebServiceServerTestExecutionListener, org.springframework.boot.test.mock.mockito.MockitoTestExecutionListener, org.springframework.boot.test.mock.mockito.ResetMocksTestExecutionListener, org.springframework.test.context.web.ServletTestExecutionListener, org.springframework.test.context.support.DirtiesContextBeforeModesTestExecutionListener, org.springframework.test.context.event.ApplicationEventsTestExecutionListener, org.springframework.test.context.support.DependencyInjectionTestExecutionListener, org.springframework.test.context.support.DirtiesContextTestExecutionListener, org.springframework.test.context.transaction.TransactionalTestExecutionListener, org.springframework.test.context.jdbc.SqlScriptsTestExecutionListener, org.springframework.test.context.event.EventPublishingTestExecutionListener]
21:20:22.443 [Test worker] INFO org.springframework.boot.test.context.SpringBootTestContextBootstrapper - Using TestExecutionListeners: [org.springframework.test.context.web.ServletTestExecutionListener@24bdb479, org.springframework.test.context.support.DirtiesContextBeforeModesTestExecutionListener@7e3f95fe, org.springframework.test.context.event.ApplicationEventsTestExecutionListener@34625ccd, org.springframework.boot.test.mock.mockito.MockitoTestExecutionListener@2c7d121c, org.springframework.boot.test.autoconfigure.SpringBootDependencyInjectionTestExecutionListener@65aa6596, org.springframework.test.context.support.DirtiesContextTestExecutionListener@67389cb8, org.springframework.test.context.transaction.TransactionalTestExecutionListener@419a20a6, org.springframework.test.context.jdbc.SqlScriptsTestExecutionListener@533377b, org.springframework.security.test.context.support.WithSecurityContextTestExecutionListener@3383649e, org.springframework.test.context.event.EventPublishingTestExecutionListener@10fde30a, org.springframework.security.test.context.support.ReactorContextTestExecutionListener@f27ea3, org.springframework.boot.test.autoconfigure.restdocs.RestDocsTestExecutionListener@1ce61929, org.springframework.boot.test.autoconfigure.web.client.MockRestServiceServerResetTestExecutionListener@346939bf, org.springframework.boot.test.autoconfigure.web.servlet.MockMvcPrintOnlyOnFailureTestExecutionListener@4bf3798b, org.springframework.boot.test.autoconfigure.web.servlet.WebDriverTestExecutionListener@58670130, org.springframework.boot.test.autoconfigure.webservices.client.MockWebServiceServerTestExecutionListener@74e47444, org.springframework.boot.test.mock.mockito.ResetMocksTestExecutionListener@9bd0fa6]
21:20:22.445 [Test worker] DEBUG org.springframework.test.context.support.AbstractDirtiesContextTestExecutionListener - Before test class: context [DefaultTestContext@7383eae2 testClass = PhotocarpetApplicationTests, testInstance = [null], testMethod = [null], testException = [null], mergedContextConfiguration = [WebMergedContextConfiguration@18245eb0 testClass = PhotocarpetApplicationTests, locations = '{}', classes = '{class com.koss.photocarpet.PhotocarpetApplication}', contextInitializerClasses = '[]', activeProfiles = '{}', propertySourceLocations = '{}', propertySourceProperties = '{org.springframework.boot.test.context.SpringBootTestContextBootstrapper=true}', contextCustomizers = set[org.springframework.boot.test.autoconfigure.actuate.metrics.MetricsExportContextCustomizerFactory$DisableMetricExportContextCustomizer@5be46f9d, org.springframework.boot.test.autoconfigure.properties.PropertyMappingContextCustomizer@0, org.springframework.boot.test.autoconfigure.web.servlet.WebDriverContextCustomizerFactory$Customizer@78d6692f, org.springframework.boot.test.context.filter.ExcludeFilterContextCustomizer@558bdf1f, org.springframework.boot.test.json.DuplicateJsonObjectContextCustomizerFactory$DuplicateJsonObjectContextCustomizer@5f354bcf, org.springframework.boot.test.mock.mockito.MockitoContextCustomizer@0, org.springframework.boot.test.web.client.TestRestTemplateContextCustomizer@1800a575, org.springframework.boot.test.context.SpringBootTestArgs@1, org.springframework.boot.test.context.SpringBootTestWebEnvironment@15ca7889], resourceBasePath = 'src/main/webapp', contextLoader = 'org.springframework.boot.test.context.SpringBootContextLoader', parent = [null]], attributes = map['org.springframework.test.context.web.ServletTestExecutionListener.activateListener' -> true]], class annotated with @DirtiesContext [false] with mode [null].

  .   ____          _            __ _ _
 /\\ / ___'_ __ _ _(_)_ __  __ _ \ \ \ \
( ( )\___ | '_ | '_| | '_ \/ _` | \ \ \ \
 \\/  ___)| |_)| | | | | || (_| |  ) ) ) )
  '  |____| .__|_| |_|_| |_\__, | / / / /
 =========|_|==============|___/=/_/_/_/
 :: Spring Boot ::                (v2.7.8)

2023-02-24 21:20:22.582  INFO 88739 --- [    Test worker] c.k.p.PhotocarpetApplicationTests        : Starting PhotocarpetApplicationTests using Java 18.0.1.1 on idong-gug-ui-MacBookAir.local with PID 88739 (started by dongguk in /Users/dongguk/coding/photocarpet)
2023-02-24 21:20:22.582  INFO 88739 --- [    Test worker] c.k.p.PhotocarpetApplicationTests        : No active profile set, falling back to 1 default profile: "default"
2023-02-24 21:20:22.856  INFO 88739 --- [    Test worker] .s.d.r.c.RepositoryConfigurationDelegate : Bootstrapping Spring Data JPA repositories in DEFAULT mode.
2023-02-24 21:20:22.884  INFO 88739 --- [    Test worker] .s.d.r.c.RepositoryConfigurationDelegate : Finished Spring Data repository scanning in 25 ms. Found 9 JPA repository interfaces.
2023-02-24 21:20:23.114  INFO 88739 --- [    Test worker] o.hibernate.jpa.internal.util.LogHelper  : HHH000204: Processing PersistenceUnitInfo [name: default]
2023-02-24 21:20:23.130  INFO 88739 --- [    Test worker] org.hibernate.Version                    : HHH000412: Hibernate ORM core version 5.6.14.Final
2023-02-24 21:20:23.193  INFO 88739 --- [    Test worker] o.hibernate.annotations.common.Version   : HCANN000001: Hibernate Commons Annotations {5.1.2.Final}
2023-02-24 21:20:23.232  INFO 88739 --- [    Test worker] com.zaxxer.hikari.HikariDataSource       : HikariPool-1 - Starting...
2023-02-24 21:20:25.815  INFO 88739 --- [    Test worker] com.zaxxer.hikari.HikariDataSource       : HikariPool-1 - Start completed.
2023-02-24 21:20:25.845  INFO 88739 --- [    Test worker] org.hibernate.dialect.Dialect            : HHH000400: Using dialect: org.hibernate.dialect.MySQL8Dialect
2023-02-24 21:20:33.745  INFO 88739 --- [    Test worker] o.h.e.t.j.p.i.JtaPlatformInitiator       : HHH000490: Using JtaPlatform implementation: [org.hibernate.engine.transaction.jta.platform.internal.NoJtaPlatform]
2023-02-24 21:20:33.758  INFO 88739 --- [    Test worker] j.LocalContainerEntityManagerFactoryBean : Initialized JPA EntityManagerFactory for persistence unit 'default'
2023-02-24 21:20:34.319  WARN 88739 --- [    Test worker] .s.s.UserDetailsServiceAutoConfiguration : 

Using generated security password: 05b980ef-3a18-416a-8f3d-9e75cf3ba213

This generated password is for development use only. Your security configuration must be updated before running your application in production.

2023-02-24 21:20:34.377  INFO 88739 --- [    Test worker] o.s.s.web.DefaultSecurityFilterChain     : Will secure any request with [org.springframework.security.web.session.DisableEncodeUrlFilter@6e2e11ee, org.springframework.security.web.context.request.async.WebAsyncManagerIntegrationFilter@189f9f9f, org.springframework.security.web.context.SecurityContextPersistenceFilter@6b3284, org.springframework.security.web.header.HeaderWriterFilter@22cca101, com.koss.photocarpet.Security.JwtAuthenticationFilter@29431f61, org.springframework.security.web.authentication.logout.LogoutFilter@167ccc3c, org.springframework.security.web.savedrequest.RequestCacheAwareFilter@78d49939, org.springframework.security.web.servletapi.SecurityContextHolderAwareRequestFilter@21f27bb5, org.springframework.security.web.authentication.AnonymousAuthenticationFilter@5b908c6d, org.springframework.security.web.session.SessionManagementFilter@403b7be3, org.springframework.security.web.access.ExceptionTranslationFilter@7305a443, org.springframework.security.web.access.intercept.FilterSecurityInterceptor@339b45f8]
2023-02-24 21:20:34.464  WARN 88739 --- [    Test worker] JpaBaseConfiguration$JpaWebConfiguration : spring.jpa.open-in-view is enabled by default. Therefore, database queries may be performed during view rendering. Explicitly configure spring.jpa.open-in-view to disable this warning
2023-02-24 21:20:34.663  INFO 88739 --- [    Test worker] c.k.p.PhotocarpetApplicationTests        : Started PhotocarpetApplicationTests in 12.203 seconds (JVM running for 12.626)
]]></system-out>
  <system-err><![CDATA[]]></system-err>
</testsuite>
